0 verbose cli /opt/homebrew/Cellar/node/19.6.1/bin/node /opt/homebrew/bin/npm
1 info using npm@9.6.2
2 info using node@v19.6.1
3 timing npm:load:whichnode Completed in 1ms
4 timing config:load:defaults Completed in 1ms
5 timing config:load:file:/opt/homebrew/lib/node_modules/npm/npmrc Completed in 3ms
6 timing config:load:builtin Completed in 3ms
7 timing config:load:cli Completed in 1ms
8 timing config:load:env Completed in 0ms
9 timing config:load:file:/Users/sanny/Documents/Projects/Company/Error_Tech/Touch/T-Mobile/CallingMobileRNApp/.npmrc Completed in 0ms
10 timing config:load:project Completed in 0ms
11 timing config:load:file:/Users/sanny/.npmrc Completed in 1ms
12 timing config:load:user Completed in 1ms
13 timing config:load:file:/opt/homebrew/etc/npmrc Completed in 0ms
14 timing config:load:global Completed in 0ms
15 timing config:load:setEnvs Completed in 0ms
16 timing config:load Completed in 7ms
17 timing npm:load:configload Completed in 7ms
18 timing npm:load:mkdirpcache Completed in 0ms
19 timing npm:load:mkdirplogs Completed in 0ms
20 verbose title npm
21 verbose argv "--cache" "-clean"
22 timing npm:load:setTitle Completed in 4ms
23 timing config:load:flatten Completed in 1ms
24 timing npm:load:display Completed in 2ms
25 verbose logfile logs-max:10 dir:/Users/sanny/Documents/Projects/Company/Error_Tech/Touch/T-Mobile/CallingMobileRNApp/-clean/_logs/2023-04-09T11_04_23_696Z-
26 verbose logfile /Users/sanny/Documents/Projects/Company/Error_Tech/Touch/T-Mobile/CallingMobileRNApp/-clean/_logs/2023-04-09T11_04_23_696Z-debug-0.log
27 timing npm:load:logFile Completed in 2ms
28 timing npm:load:timers Completed in 0ms
29 timing npm:load:configScope Completed in 0ms
30 timing npm:load Completed in 16ms
31 verbose exit 0
32 timing npm Completed in 20ms
33 verbose code 1
